  [4;36;1mSQL (0.3ms)[0m   [0;1m SELECT name
 FROM sqlite_master
 WHERE type = 'table' AND NOT name = 'sqlite_sequence'
[0m
  [4;35;1mSQL (0.1ms)[0m   [0mselect sqlite_version(*)[0m
  [4;36;1mSQL (2.3ms)[0m   [0;1mCREATE TABLE "schema_migrations" ("version" varchar(255) NOT NULL) [0m
  [4;35;1mSQL (2.5ms)[0m   [0mCREATE UNIQUE INDEX "unique_schema_migrations" ON "schema_migrations" ("version")[0m
  [4;36;1mSQL (0.2ms)[0m   [0;1m SELECT name
 FROM sqlite_master
 WHERE type = 'table' AND NOT name = 'sqlite_sequence'
[0m
  [4;35;1mSQL (0.1ms)[0m   [0mSELECT version FROM schema_migrations[0m
Migrating to CreateUsers (20091209071232)
  [4;36;1mSQL (0.5ms)[0m   [0;1mCREATE TABLE "users" ("id" INTEGER PRIMARY KEY AUTOINCREMENT NOT NULL, "first_name" varchar(255), "last_name" varchar(255), "position" integer, "image" varchar(255), "wish_list" varchar(255), "created_at" datetime, "updated_at" datetime) [0m
  [4;35;1mSQL (0.1ms)[0m   [0mINSERT INTO schema_migrations (version) VALUES ('20091209071232')[0m
  [4;36;1mSQL (0.3ms)[0m   [0;1m SELECT name
 FROM sqlite_master
 WHERE type = 'table' AND NOT name = 'sqlite_sequence'
[0m
  [4;35;1mSQL (0.1ms)[0m   [0mSELECT version FROM schema_migrations[0m
  [4;36;1mSQL (0.2ms)[0m   [0;1m SELECT name
 FROM sqlite_master
 WHERE type = 'table' AND NOT name = 'sqlite_sequence'
[0m
  [4;35;1mSQL (0.1ms)[0m   [0mPRAGMA index_list("users")[0m


Processing UserController#index (for 127.0.0.1 at 2009-12-08 23:21:42) [GET]
  [4;36;1mUser Load (0.4ms)[0m   [0;1mSELECT * FROM "users" [0m
Rendering template within layouts/_user
Rendering user/index
Rendered layouts/_user (15.8ms)
Completed in 33ms (View: 29, DB: 0) | 200 OK [http://localhost/user]


Processing UserController#new (for 127.0.0.1 at 2009-12-08 23:21:44) [GET]
Rendering template within layouts/_user
Rendering user/new
Rendered layouts/_user (0.9ms)
Completed in 11ms (View: 10, DB: 0) | 200 OK [http://localhost/user/new]


Processing UserController#new (for 127.0.0.1 at 2009-12-08 23:22:20) [POST]
  Parameters: {"commit"=>"Add!", "authenticity_token"=>"ZwD0pncnQ+Cb1789iCYp2PLfaL79vpT5dqVA+tK0lvQ=", "user"=>{"position"=>"1", "wish_list"=>"mop", "last_name"=>"flanders", "image"=>"ned.jpg", "first_name"=>"ned"}}
  [4;35;1mUser Create (0.7ms)[0m   [0mINSERT INTO "users" ("position", "created_at", "wish_list", "updated_at", "last_name", "image", "first_name") VALUES(1, '2009-12-09 07:22:20', 'mop', '2009-12-09 07:22:20', 'flanders', 'ned.jpg', 'ned')[0m
Redirected to http://localhost:3000/user
Completed in 14ms (DB: 1) | 302 Found [http://localhost/user/new]


Processing UserController#index (for 127.0.0.1 at 2009-12-08 23:22:20) [GET]
  [4;36;1mUser Load (0.5ms)[0m   [0;1mSELECT * FROM "users" [0m
Rendering template within layouts/_user
Rendering user/index
Rendered layouts/_user (1.3ms)
Completed in 9ms (View: 5, DB: 1) | 200 OK [http://localhost/user]


Processing UserController#destroy (for 127.0.0.1 at 2009-12-08 23:22:23) [GET]
  Parameters: {"method"=>"delete", "id"=>"1"}
  [4;35;1mUser Load (0.3ms)[0m   [0mSELECT * FROM "users" WHERE ("users"."id" = 1) [0m
  [4;36;1mUser Destroy (0.3ms)[0m   [0;1mDELETE FROM "users" WHERE "id" = 1[0m
Rendering template within layouts/_user
Rendering user/destroy
Rendered layouts/_user (1.2ms)
Completed in 16ms (View: 6, DB: 1) | 200 OK [http://localhost/user/destroy/1?method=delete]


Processing UserController#new (for 127.0.0.1 at 2009-12-08 23:22:29) [GET]
Rendering template within layouts/_user
Rendering user/new
Rendered layouts/_user (0.9ms)
Completed in 6ms (View: 5, DB: 0) | 200 OK [http://localhost/user/new]


Processing UserController#new (for 127.0.0.1 at 2009-12-08 23:22:53) [POST]
  Parameters: {"commit"=>"Add!", "authenticity_token"=>"ZwD0pncnQ+Cb1789iCYp2PLfaL79vpT5dqVA+tK0lvQ=", "user"=>{"position"=>"1", "wish_list"=>"tricycle", "last_name"=>"mckenna", "image"=>"jill.jpg", "first_name"=>"jill"}}
  [4;35;1mUser Create (0.4ms)[0m   [0mINSERT INTO "users" ("position", "created_at", "wish_list", "updated_at", "last_name", "image", "first_name") VALUES(1, '2009-12-09 07:22:53', 'tricycle', '2009-12-09 07:22:53', 'mckenna', 'jill.jpg', 'jill')[0m
Redirected to http://localhost:3000/user
Completed in 75ms (DB: 0) | 302 Found [http://localhost/user/new]


Processing UserController#index (for 127.0.0.1 at 2009-12-08 23:22:53) [GET]
  [4;36;1mUser Load (0.5ms)[0m   [0;1mSELECT * FROM "users" [0m
Rendering template within layouts/_user
Rendering user/index
Rendered layouts/_user (1.2ms)
Completed in 9ms (View: 5, DB: 1) | 200 OK [http://localhost/user]


Processing UserController#new (for 127.0.0.1 at 2009-12-08 23:24:39) [GET]
Rendering template within layouts/_user
Rendering user/new
Rendered layouts/_user (0.9ms)
Completed in 6ms (View: 5, DB: 0) | 200 OK [http://localhost/user/new]


Processing UserController#new (for 127.0.0.1 at 2009-12-08 23:24:41) [GET]
Rendering template within layouts/_user
Rendering user/new
Rendered layouts/_user (0.9ms)
Completed in 6ms (View: 5, DB: 0) | 200 OK [http://localhost/user/new]


Processing UserController#new (for 127.0.0.1 at 2009-12-08 23:25:02) [POST]
  Parameters: {"commit"=>"Add!", "authenticity_token"=>"ZwD0pncnQ+Cb1789iCYp2PLfaL79vpT5dqVA+tK0lvQ=", "user"=>{"position"=>"3", "wish_list"=>"candy", "last_name"=>"bandy", "image"=>"randy.jpg", "first_name"=>"randy"}}
  [4;35;1mUser Create (0.4ms)[0m   [0mINSERT INTO "users" ("position", "created_at", "wish_list", "updated_at", "last_name", "image", "first_name") VALUES(3, '2009-12-09 07:25:02', 'candy', '2009-12-09 07:25:02', 'bandy', 'randy.jpg', 'randy')[0m
Redirected to http://localhost:3000/user/list
Completed in 12ms (DB: 0) | 302 Found [http://localhost/user/new]


Processing UserController#list (for 127.0.0.1 at 2009-12-08 23:25:02) [GET]
Rendering template within layouts/_user
Rendering user/list

ActionView::TemplateError (You have a nil object when you didn't expect it!
You might have expected an instance of Array.
The error occurred while evaluating nil.each) on line #12 of app/views/user/list.html.erb:
9: 
10:   </tr>
11: 
12: <% @users.each do |user| %>
13: <% 
14: 	odd_even = 1 - odd_even
15: %>

    app/views/user/list.html.erb:12

Rendered rescues/_trace (112.9ms)
Rendered rescues/_request_and_response (1.2ms)
Rendering rescues/layout (internal_server_error)


Processing UserController#list (for 127.0.0.1 at 2009-12-08 23:25:44) [GET]
  [4;36;1mUser Load (0.6ms)[0m   [0;1mSELECT * FROM "users" [0m
Rendering template within layouts/_user
Rendering user/list
Rendered layouts/_user (1.3ms)
Completed in 10ms (View: 5, DB: 1) | 200 OK [http://localhost/user/list]


Processing UserController#destroy (for 127.0.0.1 at 2009-12-08 23:25:51) [GET]
  Parameters: {"method"=>"delete", "id"=>"2"}
  [4;35;1mUser Load (0.2ms)[0m   [0mSELECT * FROM "users" WHERE ("users"."id" = 2) [0m
  [4;36;1mUser Destroy (0.2ms)[0m   [0;1mDELETE FROM "users" WHERE "id" = 2[0m
Rendering template within layouts/_user
Rendering user/destroy
Rendered layouts/_user (1.2ms)
Completed in 12ms (View: 2, DB: 0) | 200 OK [http://localhost/user/destroy/2?method=delete]


Processing UserController#list (for 127.0.0.1 at 2009-12-08 23:25:55) [GET]
  [4;35;1mUser Load (0.5ms)[0m   [0mSELECT * FROM "users" [0m
Rendering template within layouts/_user
Rendering user/list
Rendered layouts/_user (1.3ms)
Completed in 9ms (View: 5, DB: 1) | 200 OK [http://localhost/user/list]


Processing UserController#list (for 127.0.0.1 at 2009-12-08 23:26:29) [GET]
  [4;36;1mUser Load (0.5ms)[0m   [0;1mSELECT * FROM "users" [0m
Rendering template within layouts/_user
Rendering user/list
Rendered layouts/_user (1.9ms)
Completed in 13ms (View: 9, DB: 0) | 200 OK [http://localhost/user/list]


Processing UserController#index (for 127.0.0.1 at 2009-12-08 23:26:32) [GET]
  [4;35;1mUser Load (0.5ms)[0m   [0mSELECT * FROM "users" [0m
Rendering template within layouts/_user
Rendering user/index
Rendered layouts/_user (1.2ms)
Completed in 9ms (View: 5, DB: 1) | 200 OK [http://localhost/user]


Processing UserController#list (for 127.0.0.1 at 2009-12-08 23:26:34) [GET]
  [4;36;1mUser Load (0.5ms)[0m   [0;1mSELECT * FROM "users" [0m
Rendering template within layouts/_user
Rendering user/list
Rendered layouts/_user (1.1ms)
Completed in 9ms (View: 4, DB: 1) | 200 OK [http://localhost/user/list]


Processing UserController#new (for 127.0.0.1 at 2009-12-08 23:26:36) [GET]
Rendering template within layouts/_user
Rendering user/new
Rendered layouts/_user (0.8ms)
Completed in 7ms (View: 5, DB: 0) | 200 OK [http://localhost/user/new]


Processing UserController#index (for 127.0.0.1 at 2009-12-08 23:26:37) [GET]
  [4;35;1mUser Load (0.5ms)[0m   [0mSELECT * FROM "users" [0m
Rendering template within layouts/_user
Rendering user/index
Rendered layouts/_user (1.1ms)
Completed in 9ms (View: 5, DB: 0) | 200 OK [http://localhost/user]


Processing UserController#index (for 127.0.0.1 at 2009-12-08 23:30:19) [GET]
  [4;36;1mUser Load (0.5ms)[0m   [0;1mSELECT * FROM "users" [0m
Rendering template within layouts/_user
Rendering user/index
Rendered layouts/_user (1.3ms)
Completed in 76ms (View: 8, DB: 1) | 200 OK [http://localhost/user]


Processing UserController#index (for 127.0.0.1 at 2009-12-08 23:30:59) [GET]
  [4;35;1mUser Load (0.5ms)[0m   [0mSELECT * FROM "users" [0m
Rendering template within layouts/_user
Rendering user/index
Rendered layouts/_user (1.2ms)
Completed in 12ms (View: 8, DB: 1) | 200 OK [http://localhost/user]


Processing UserController#index (for 127.0.0.1 at 2009-12-08 23:31:12) [GET]
  [4;36;1mUser Load (0.5ms)[0m   [0;1mSELECT * FROM "users" [0m
Rendering template within layouts/_user
Rendering user/index
Rendered layouts/_user (1.2ms)
Completed in 12ms (View: 8, DB: 0) | 200 OK [http://localhost/user]


Processing UserController#new (for 127.0.0.1 at 2009-12-08 23:31:18) [GET]
Rendering template within layouts/_user
Rendering user/new
Rendered layouts/_user (0.9ms)
Completed in 6ms (View: 5, DB: 0) | 200 OK [http://localhost/user/new]


Processing UserController#new (for 127.0.0.1 at 2009-12-08 23:31:33) [POST]
  Parameters: {"commit"=>"Add!", "authenticity_token"=>"ZwD0pncnQ+Cb1789iCYp2PLfaL79vpT5dqVA+tK0lvQ=", "user"=>{"position"=>"2", "wish_list"=>"", "last_name"=>"bandy", "image"=>"", "first_name"=>"sandy"}}
  [4;35;1mUser Create (0.4ms)[0m   [0mINSERT INTO "users" ("position", "created_at", "wish_list", "updated_at", "last_name", "image", "first_name") VALUES(2, '2009-12-09 07:31:33', '', '2009-12-09 07:31:33', 'bandy', '', 'sandy')[0m
Redirected to http://localhost:3000/user/list
Completed in 11ms (DB: 0) | 302 Found [http://localhost/user/new]


Processing UserController#list (for 127.0.0.1 at 2009-12-08 23:31:33) [GET]
  [4;36;1mUser Load (0.6ms)[0m   [0;1mSELECT * FROM "users" [0m
Rendering template within layouts/_user
Rendering user/list
Rendered layouts/_user (1.2ms)
Completed in 9ms (View: 5, DB: 1) | 200 OK [http://localhost/user/list]


Processing UserController#destroy (for 127.0.0.1 at 2009-12-08 23:31:37) [GET]
  Parameters: {"method"=>"delete", "id"=>"4"}
  [4;35;1mUser Load (0.2ms)[0m   [0mSELECT * FROM "users" WHERE ("users"."id" = 4) [0m
  [4;36;1mUser Destroy (0.3ms)[0m   [0;1mDELETE FROM "users" WHERE "id" = 4[0m
Rendering template within layouts/_user
Rendering user/destroy
Rendered layouts/_user (1.0ms)
Completed in 12ms (View: 2, DB: 1) | 200 OK [http://localhost/user/destroy/4?method=delete]


Processing UserController#list (for 127.0.0.1 at 2009-12-08 23:31:41) [GET]
  [4;35;1mUser Load (0.5ms)[0m   [0mSELECT * FROM "users" [0m
Rendering template within layouts/_user
Rendering user/list
Rendered layouts/_user (1.1ms)
Completed in 9ms (View: 5, DB: 1) | 200 OK [http://localhost/user/list]


Processing UserController#destroy (for 127.0.0.1 at 2009-12-08 23:31:43) [GET]
  Parameters: {"method"=>"delete", "id"=>"3"}
  [4;36;1mUser Load (0.2ms)[0m   [0;1mSELECT * FROM "users" WHERE ("users"."id" = 3) [0m
  [4;35;1mUser Destroy (0.5ms)[0m   [0mDELETE FROM "users" WHERE "id" = 3[0m
Rendering template within layouts/_user
Rendering user/destroy
Rendered layouts/_user (1.1ms)
Completed in 13ms (View: 2, DB: 1) | 200 OK [http://localhost/user/destroy/3?method=delete]


Processing UserController#new (for 127.0.0.1 at 2009-12-08 23:31:44) [GET]
Rendering template within layouts/_user
Rendering user/new
Rendered layouts/_user (0.8ms)
Completed in 6ms (View: 5, DB: 0) | 200 OK [http://localhost/user/new]


Processing UserController#new (for 127.0.0.1 at 2009-12-08 23:32:09) [POST]
  Parameters: {"commit"=>"Add!", "authenticity_token"=>"ZwD0pncnQ+Cb1789iCYp2PLfaL79vpT5dqVA+tK0lvQ=", "user"=>{"position"=>"1", "wish_list"=>"toy rocket", "last_name"=>"bandy", "image"=>"sandy.jpg", "first_name"=>"sandy"}}
  [4;36;1mUser Create (0.6ms)[0m   [0;1mINSERT INTO "users" ("position", "created_at", "wish_list", "updated_at", "last_name", "image", "first_name") VALUES(1, '2009-12-09 07:32:09', 'toy rocket', '2009-12-09 07:32:09', 'bandy', 'sandy.jpg', 'sandy')[0m
Redirected to http://localhost:3000/user/list
Completed in 13ms (DB: 1) | 302 Found [http://localhost/user/new]


Processing UserController#list (for 127.0.0.1 at 2009-12-08 23:32:09) [GET]
  [4;35;1mUser Load (0.6ms)[0m   [0mSELECT * FROM "users" [0m
Rendering template within layouts/_user
Rendering user/list
Rendered layouts/_user (1.1ms)
Completed in 9ms (View: 5, DB: 1) | 200 OK [http://localhost/user/list]


Processing UserController#new (for 127.0.0.1 at 2009-12-08 23:32:11) [GET]
Rendering template within layouts/_user
Rendering user/new
Rendered layouts/_user (0.9ms)
Completed in 7ms (View: 5, DB: 0) | 200 OK [http://localhost/user/new]


Processing UserController#new (for 127.0.0.1 at 2009-12-08 23:33:01) [POST]
  Parameters: {"commit"=>"Add!", "authenticity_token"=>"ZwD0pncnQ+Cb1789iCYp2PLfaL79vpT5dqVA+tK0lvQ=", "user"=>{"position"=>"1", "wish_list"=>"burger", "last_name"=>"Simpson", "image"=>"homer.jpg", "first_name"=>"Homer"}}
  [4;36;1mUser Create (0.7ms)[0m   [0;1mINSERT INTO "users" ("position", "created_at", "wish_list", "updated_at", "last_name", "image", "first_name") VALUES(1, '2009-12-09 07:33:01', 'burger', '2009-12-09 07:33:01', 'Simpson', 'homer.jpg', 'Homer')[0m
Redirected to http://localhost:3000/user/list
Completed in 13ms (DB: 1) | 302 Found [http://localhost/user/new]


Processing UserController#list (for 127.0.0.1 at 2009-12-08 23:33:01) [GET]
  [4;35;1mUser Load (0.6ms)[0m   [0mSELECT * FROM "users" [0m
Rendering template within layouts/_user
Rendering user/list
Rendered layouts/_user (1.1ms)
Completed in 9ms (View: 5, DB: 1) | 200 OK [http://localhost/user/list]


Processing UserController#destroy (for 127.0.0.1 at 2009-12-08 23:33:03) [GET]
  Parameters: {"method"=>"delete", "id"=>"5"}
  [4;36;1mUser Load (0.3ms)[0m   [0;1mSELECT * FROM "users" WHERE ("users"."id" = 5) [0m
  [4;35;1mUser Destroy (0.3ms)[0m   [0mDELETE FROM "users" WHERE "id" = 5[0m
Rendering template within layouts/_user
Rendering user/destroy
Rendered layouts/_user (1.1ms)
Completed in 12ms (View: 2, DB: 1) | 200 OK [http://localhost/user/destroy/5?method=delete]


Processing UserController#new (for 127.0.0.1 at 2009-12-08 23:33:05) [GET]
Rendering template within layouts/_user
Rendering user/new
Rendered layouts/_user (0.8ms)
Completed in 6ms (View: 5, DB: 0) | 200 OK [http://localhost/user/new]


Processing UserController#new (for 127.0.0.1 at 2009-12-08 23:33:27) [POST]
  Parameters: {"commit"=>"Add!", "authenticity_token"=>"ZwD0pncnQ+Cb1789iCYp2PLfaL79vpT5dqVA+tK0lvQ=", "user"=>{"position"=>"2", "wish_list"=>"broom", "last_name"=>"Flanders", "image"=>"ned.jpg", "first_name"=>"Ned "}}
  [4;36;1mUser Create (0.4ms)[0m   [0;1mINSERT INTO "users" ("position", "created_at", "wish_list", "updated_at", "last_name", "image", "first_name") VALUES(2, '2009-12-09 07:33:27', 'broom', '2009-12-09 07:33:27', 'Flanders', 'ned.jpg', 'Ned ')[0m
Redirected to http://localhost:3000/user/list
Completed in 14ms (DB: 0) | 302 Found [http://localhost/user/new]


Processing UserController#list (for 127.0.0.1 at 2009-12-08 23:33:27) [GET]
  [4;35;1mUser Load (0.6ms)[0m   [0mSELECT * FROM "users" [0m
Rendering template within layouts/_user
Rendering user/list
Rendered layouts/_user (66.0ms)
Completed in 74ms (View: 70, DB: 1) | 200 OK [http://localhost/user/list]


Processing UserController#new (for 127.0.0.1 at 2009-12-08 23:33:29) [GET]
Rendering template within layouts/_user
Rendering user/new
Rendered layouts/_user (0.9ms)
Completed in 6ms (View: 5, DB: 0) | 200 OK [http://localhost/user/new]


Processing UserController#new (for 127.0.0.1 at 2009-12-08 23:33:51) [POST]
  Parameters: {"commit"=>"Add!", "authenticity_token"=>"ZwD0pncnQ+Cb1789iCYp2PLfaL79vpT5dqVA+tK0lvQ=", "user"=>{"position"=>"3", "wish_list"=>"spa certificate", "last_name"=>"Simpson", "image"=>"marge.jpg", "first_name"=>"Marge"}}
  [4;36;1mUser Create (0.4ms)[0m   [0;1mINSERT INTO "users" ("position", "created_at", "wish_list", "updated_at", "last_name", "image", "first_name") VALUES(3, '2009-12-09 07:33:51', 'spa certificate', '2009-12-09 07:33:51', 'Simpson', 'marge.jpg', 'Marge')[0m
Redirected to http://localhost:3000/user/list
Completed in 15ms (DB: 0) | 302 Found [http://localhost/user/new]


Processing UserController#list (for 127.0.0.1 at 2009-12-08 23:33:51) [GET]
  [4;35;1mUser Load (0.7ms)[0m   [0mSELECT * FROM "users" [0m
Rendering template within layouts/_user
Rendering user/list
Rendered layouts/_user (1.1ms)
Completed in 10ms (View: 5, DB: 1) | 200 OK [http://localhost/user/list]


Processing UserController#new (for 127.0.0.1 at 2009-12-08 23:33:53) [GET]
Rendering template within layouts/_user
Rendering user/new
Rendered layouts/_user (0.8ms)
Completed in 6ms (View: 5, DB: 0) | 200 OK [http://localhost/user/new]


Processing UserController#new (for 127.0.0.1 at 2009-12-08 23:34:11) [POST]
  Parameters: {"commit"=>"Add!", "authenticity_token"=>"ZwD0pncnQ+Cb1789iCYp2PLfaL79vpT5dqVA+tK0lvQ=", "user"=>{"position"=>"4", "wish_list"=>"pony", "last_name"=>"Simpson", "image"=>"lisa.jpg", "first_name"=>"Lisa"}}
  [4;36;1mUser Create (0.4ms)[0m   [0;1mINSERT INTO "users" ("position", "created_at", "wish_list", "updated_at", "last_name", "image", "first_name") VALUES(4, '2009-12-09 07:34:11', 'pony', '2009-12-09 07:34:11', 'Simpson', 'lisa.jpg', 'Lisa')[0m
Redirected to http://localhost:3000/user/list
Completed in 13ms (DB: 0) | 302 Found [http://localhost/user/new]


Processing UserController#list (for 127.0.0.1 at 2009-12-08 23:34:11) [GET]
  [4;35;1mUser Load (0.7ms)[0m   [0mSELECT * FROM "users" [0m
Rendering template within layouts/_user
Rendering user/list
Rendered layouts/_user (1.1ms)
Completed in 10ms (View: 5, DB: 1) | 200 OK [http://localhost/user/list]


Processing UserController#new (for 127.0.0.1 at 2009-12-08 23:34:13) [GET]
Rendering template within layouts/_user
Rendering user/new
Rendered layouts/_user (0.8ms)
Completed in 6ms (View: 5, DB: 0) | 200 OK [http://localhost/user/new]


Processing UserController#new (for 127.0.0.1 at 2009-12-08 23:34:32) [POST]
  Parameters: {"commit"=>"Add!", "authenticity_token"=>"ZwD0pncnQ+Cb1789iCYp2PLfaL79vpT5dqVA+tK0lvQ=", "user"=>{"position"=>"5", "wish_list"=>"skateboard", "last_name"=>"Simpson", "image"=>"bart.jpg", "first_name"=>"Bart"}}
  [4;36;1mUser Create (0.4ms)[0m   [0;1mINSERT INTO "users" ("position", "created_at", "wish_list", "updated_at", "last_name", "image", "first_name") VALUES(5, '2009-12-09 07:34:32', 'skateboard', '2009-12-09 07:34:32', 'Simpson', 'bart.jpg', 'Bart')[0m
Redirected to http://localhost:3000/user/list
Completed in 13ms (DB: 0) | 302 Found [http://localhost/user/new]


Processing UserController#list (for 127.0.0.1 at 2009-12-08 23:34:32) [GET]
  [4;35;1mUser Load (0.8ms)[0m   [0mSELECT * FROM "users" [0m
Rendering template within layouts/_user
Rendering user/list
Rendered layouts/_user (1.1ms)
Completed in 11ms (View: 6, DB: 1) | 200 OK [http://localhost/user/list]


Processing UserController#new (for 127.0.0.1 at 2009-12-08 23:34:41) [GET]
Rendering template within layouts/_user
Rendering user/new
Rendered layouts/_user (64.7ms)
Completed in 70ms (View: 69, DB: 0) | 200 OK [http://localhost/user/new]


Processing UserController#new (for 127.0.0.1 at 2009-12-08 23:35:02) [POST]
  Parameters: {"commit"=>"Add!", "authenticity_token"=>"ZwD0pncnQ+Cb1789iCYp2PLfaL79vpT5dqVA+tK0lvQ=", "user"=>{"position"=>"6", "wish_list"=>"ruler", "last_name"=>"Skinner", "image"=>"skinner.jpg", "first_name"=>"Mr."}}
  [4;36;1mUser Create (0.5ms)[0m   [0;1mINSERT INTO "users" ("position", "created_at", "wish_list", "updated_at", "last_name", "image", "first_name") VALUES(6, '2009-12-09 07:35:02', 'ruler', '2009-12-09 07:35:02', 'Skinner', 'skinner.jpg', 'Mr.')[0m
Redirected to http://localhost:3000/user/list
Completed in 11ms (DB: 0) | 302 Found [http://localhost/user/new]


Processing UserController#list (for 127.0.0.1 at 2009-12-08 23:35:02) [GET]
  [4;35;1mUser Load (0.9ms)[0m   [0mSELECT * FROM "users" [0m
Rendering template within layouts/_user
Rendering user/list
Rendered layouts/_user (1.1ms)
Completed in 11ms (View: 6, DB: 1) | 200 OK [http://localhost/user/list]


Processing UserController#new (for 127.0.0.1 at 2009-12-08 23:35:04) [GET]
Rendering template within layouts/_user
Rendering user/new
Rendered layouts/_user (0.8ms)
Completed in 6ms (View: 5, DB: 0) | 200 OK [http://localhost/user/new]


Processing UserController#new (for 127.0.0.1 at 2009-12-08 23:35:28) [POST]
  Parameters: {"commit"=>"Add!", "authenticity_token"=>"ZwD0pncnQ+Cb1789iCYp2PLfaL79vpT5dqVA+tK0lvQ=", "user"=>{"position"=>"7", "wish_list"=>"more power", "last_name"=>"Burns", "image"=>"burns.jpg", "first_name"=>"Mr."}}
  [4;36;1mUser Create (0.5ms)[0m   [0;1mINSERT INTO "users" ("position", "created_at", "wish_list", "updated_at", "last_name", "image", "first_name") VALUES(7, '2009-12-09 07:35:28', 'more power', '2009-12-09 07:35:28', 'Burns', 'burns.jpg', 'Mr.')[0m
Redirected to http://localhost:3000/user/list
Completed in 13ms (DB: 1) | 302 Found [http://localhost/user/new]


Processing UserController#list (for 127.0.0.1 at 2009-12-08 23:35:28) [GET]
  [4;35;1mUser Load (0.9ms)[0m   [0mSELECT * FROM "users" [0m
Rendering template within layouts/_user
Rendering user/list
Rendered layouts/_user (1.1ms)
Completed in 11ms (View: 6, DB: 1) | 200 OK [http://localhost/user/list]


Processing UserController#new (for 127.0.0.1 at 2009-12-08 23:35:31) [GET]
Rendering template within layouts/_user
Rendering user/new
Rendered layouts/_user (0.8ms)
Completed in 6ms (View: 5, DB: 0) | 200 OK [http://localhost/user/new]


Processing UserController#new (for 127.0.0.1 at 2009-12-08 23:36:29) [POST]
  Parameters: {"commit"=>"Add!", "authenticity_token"=>"ZwD0pncnQ+Cb1789iCYp2PLfaL79vpT5dqVA+tK0lvQ=", "user"=>{"position"=>"8", "wish_list"=>"cat nip", "last_name"=>"2", "image"=>"snowball.jpg", "first_name"=>"Snowball"}}
  [4;36;1mUser Create (0.4ms)[0m   [0;1mINSERT INTO "users" ("position", "created_at", "wish_list", "updated_at", "last_name", "image", "first_name") VALUES(8, '2009-12-09 07:36:29', 'cat nip', '2009-12-09 07:36:29', '2', 'snowball.jpg', 'Snowball')[0m
Redirected to http://localhost:3000/user/list
Completed in 14ms (DB: 0) | 302 Found [http://localhost/user/new]


Processing UserController#list (for 127.0.0.1 at 2009-12-08 23:36:30) [GET]
  [4;35;1mUser Load (1.1ms)[0m   [0mSELECT * FROM "users" [0m
Rendering template within layouts/_user
Rendering user/list
Rendered layouts/_user (1.1ms)
Completed in 12ms (View: 7, DB: 1) | 200 OK [http://localhost/user/list]


Processing UserController#index (for 127.0.0.1 at 2009-12-08 23:36:53) [GET]
  [4;36;1mUser Load (1.2ms)[0m   [0;1mSELECT * FROM "users" [0m
Rendering template within layouts/_user
Rendering user/index
Rendered layouts/_user (1.4ms)
Completed in 10ms (View: 5, DB: 1) | 200 OK [http://localhost/user/]


Processing UserController#index (for 127.0.0.1 at 2009-12-08 23:38:13) [GET]
  [4;35;1mUser Load (1.1ms)[0m   [0mSELECT * FROM "users" [0m
Rendering template within layouts/_user
Rendering user/index
Rendered layouts/_user (1.5ms)
Completed in 10ms (View: 5, DB: 1) | 200 OK [http://localhost/]


Processing UserController#index (for 127.0.0.1 at 2009-12-08 23:38:34) [GET]
  [4;36;1mUser Load (1.0ms)[0m   [0;1mSELECT * FROM "users" [0m
Rendering template within layouts/_user
Rendering user/index
Rendered layouts/_user (1.2ms)
Completed in 13ms (View: 8, DB: 1) | 200 OK [http://localhost/]


Processing UserController#list (for 127.0.0.1 at 2009-12-08 23:39:44) [GET]
  [4;35;1mUser Load (1.0ms)[0m   [0mSELECT * FROM "users" [0m
Rendering template within layouts/_user
Rendering user/list
Rendered layouts/_user (1.1ms)
Completed in 12ms (View: 7, DB: 1) | 200 OK [http://localhost/user/list]


Processing UserController#index (for 127.0.0.1 at 2009-12-08 23:39:45) [GET]
  [4;36;1mUser Load (1.0ms)[0m   [0;1mSELECT * FROM "users" [0m
Rendering template within layouts/_user
Rendering user/index
Rendered layouts/_user (1.2ms)
Completed in 9ms (View: 4, DB: 1) | 200 OK [http://localhost/]


Processing UserController#index (for 127.0.0.1 at 2009-12-08 23:41:02) [GET]
  [4;35;1mUser Load (1.0ms)[0m   [0mSELECT * FROM "users" [0m
Rendering template within layouts/_user
Rendering user/index
Rendered layouts/_user (1.2ms)
Completed in 14ms (View: 9, DB: 1) | 200 OK [http://localhost/]


Processing UserController#index (for 127.0.0.1 at 2009-12-08 23:42:43) [GET]
  [4;36;1mUser Load (1.0ms)[0m   [0;1mSELECT * FROM "users" [0m
Rendering template within layouts/_user
Rendering user/index
Rendered layouts/_user (1.2ms)
Completed in 14ms (View: 9, DB: 1) | 200 OK [http://localhost/]


Processing UserController#index (for 127.0.0.1 at 2009-12-08 23:43:54) [GET]
  [4;35;1mUser Load (1.0ms)[0m   [0mSELECT * FROM "users" [0m
Rendering template within layouts/_user
Rendering user/index

ActionView::TemplateError (undefined local variable or method `i' for #<ActionView::Base:0x104115648>) on line #6 of app/views/user/index.html.erb:
3: 
4: <% @users.each do |user| %>
5:   	i = 1
6:     <div class="<%= i %>"><%=h user.first_name + " " + user.last_name %></div>
7: 	i+=1
8: 
9: <% end %>

    app/views/user/index.html.erb:6
    app/views/user/index.html.erb:4:in `each'
    app/views/user/index.html.erb:4
    app/controllers/user_controller.rb:22:in `index'

Rendered rescues/_trace (45.5ms)
Rendered rescues/_request_and_response (0.3ms)
Rendering rescues/layout (internal_server_error)


Processing UserController#index (for 127.0.0.1 at 2009-12-08 23:44:15) [GET]
  [4;36;1mUser Load (1.0ms)[0m   [0;1mSELECT * FROM "users" [0m
Rendering template within layouts/_user
Rendering user/index
Rendered layouts/_user (1.2ms)
Completed in 14ms (View: 8, DB: 1) | 200 OK [http://localhost/]


Processing UserController#index (for 127.0.0.1 at 2009-12-08 23:44:31) [GET]
  [4;35;1mUser Load (1.0ms)[0m   [0mSELECT * FROM "users" [0m
Rendering template within layouts/_user
Rendering user/index
Rendered layouts/_user (1.2ms)
Completed in 13ms (View: 8, DB: 1) | 200 OK [http://localhost/]


Processing UserController#index (for 127.0.0.1 at 2009-12-08 23:44:49) [GET]
  [4;36;1mUser Load (1.0ms)[0m   [0;1mSELECT * FROM "users" [0m
Rendering template within layouts/_user
Rendering user/index
Rendered layouts/_user (1.3ms)
Completed in 14ms (View: 9, DB: 1) | 200 OK [http://localhost/]


Processing UserController#index (for 127.0.0.1 at 2009-12-08 23:46:52) [GET]
  [4;35;1mUser Load (1.0ms)[0m   [0mSELECT * FROM "users" [0m
Rendering template within layouts/_user
Rendering user/index
Rendered layouts/_user (1.2ms)
Completed in 14ms (View: 8, DB: 1) | 200 OK [http://localhost/]


Processing UserController#new (for 127.0.0.1 at 2009-12-08 23:46:55) [GET]
Rendering template within layouts/_user
Rendering user/new
Rendered layouts/_user (0.8ms)
Completed in 6ms (View: 5, DB: 0) | 200 OK [http://localhost/user/new]


Processing UserController#list (for 127.0.0.1 at 2009-12-08 23:46:58) [GET]
  [4;36;1mUser Load (1.0ms)[0m   [0;1mSELECT * FROM "users" [0m
Rendering template within layouts/_user
Rendering user/list
Rendered layouts/_user (1.1ms)
Completed in 12ms (View: 6, DB: 1) | 200 OK [http://localhost/user/list]


Processing UserController#list (for 127.0.0.1 at 2009-12-08 23:47:35) [GET]
  [4;35;1mUser Load (1.0ms)[0m   [0mSELECT * FROM "users" [0m
Rendering template within layouts/_user
Rendering user/list
Rendered layouts/_user (2.0ms)
Completed in 16ms (View: 11, DB: 1) | 200 OK [http://localhost/user/list]


Processing UserController#new (for 127.0.0.1 at 2009-12-08 23:47:50) [GET]
Rendering template within layouts/_user
Rendering user/new
Rendered layouts/_user (1.0ms)
Completed in 6ms (View: 5, DB: 0) | 200 OK [http://localhost/user/new]


Processing UserController#index (for 127.0.0.1 at 2009-12-08 23:47:53) [GET]
  [4;36;1mUser Load (1.0ms)[0m   [0;1mSELECT * FROM "users" [0m
Rendering template within layouts/_user
Rendering user/index
Rendered layouts/_user (1.4ms)
Completed in 9ms (View: 4, DB: 1) | 200 OK [http://localhost/]


Processing UserController#new (for 127.0.0.1 at 2009-12-09 08:39:39) [GET]
Rendering template within layouts/_user
Rendering user/new
Rendered layouts/_user (1.0ms)
Completed in 7ms (View: 5, DB: 0) | 200 OK [http://localhost/user/new]


Processing UserController#list (for 127.0.0.1 at 2009-12-09 08:39:45) [GET]
  [4;35;1mUser Load (1.0ms)[0m   [0mSELECT * FROM "users" [0m
Rendering template within layouts/_user
Rendering user/list
Rendered layouts/_user (1.2ms)
Completed in 12ms (View: 7, DB: 1) | 200 OK [http://localhost/user/list]


Processing UserController#index (for 127.0.0.1 at 2009-12-09 08:39:47) [GET]
  [4;36;1mUser Load (1.0ms)[0m   [0;1mSELECT * FROM "users" [0m
Rendering template within layouts/_user
Rendering user/index
Rendered layouts/_user (1.4ms)
Completed in 73ms (View: 5, DB: 1) | 200 OK [http://localhost/]


Processing UserController#list (for 127.0.0.1 at 2009-12-09 08:39:48) [GET]
  [4;35;1mUser Load (1.0ms)[0m   [0mSELECT * FROM "users" [0m
Rendering template within layouts/_user
Rendering user/list
Rendered layouts/_user (1.2ms)
Completed in 12ms (View: 7, DB: 1) | 200 OK [http://localhost/user/list]


Processing UserController#new (for 127.0.0.1 at 2009-12-09 08:39:52) [GET]
Rendering template within layouts/_user
Rendering user/new
Rendered layouts/_user (0.9ms)
Completed in 6ms (View: 5, DB: 0) | 200 OK [http://localhost/user/new]


Processing UserController#new (for 127.0.0.1 at 2009-12-09 08:40:47) [POST]
  Parameters: {"commit"=>"Add!", "authenticity_token"=>"ZwD0pncnQ+Cb1789iCYp2PLfaL79vpT5dqVA+tK0lvQ=", "user"=>{"position"=>"9", "wish_list"=>"pacifier", "last_name"=>"Simpson", "image"=>"maggie.jpg", "first_name"=>"Maggie"}}
  [4;36;1mUser Create (0.4ms)[0m   [0;1mINSERT INTO "users" ("position", "created_at", "wish_list", "updated_at", "last_name", "image", "first_name") VALUES(9, '2009-12-09 16:40:47', 'pacifier', '2009-12-09 16:40:47', 'Simpson', 'maggie.jpg', 'Maggie')[0m
Redirected to http://localhost:3000/user/list
Completed in 14ms (DB: 0) | 302 Found [http://localhost/user/new]


Processing UserController#list (for 127.0.0.1 at 2009-12-09 08:40:47) [GET]
  [4;35;1mUser Load (1.1ms)[0m   [0mSELECT * FROM "users" [0m
Rendering template within layouts/_user
Rendering user/list
Rendered layouts/_user (1.3ms)
Completed in 12ms (View: 7, DB: 1) | 200 OK [http://localhost/user/list]


Processing UserController#destroy (for 127.0.0.1 at 2009-12-09 08:40:49) [GET]
  Parameters: {"method"=>"delete", "id"=>"14"}
  [4;36;1mUser Load (0.2ms)[0m   [0;1mSELECT * FROM "users" WHERE ("users"."id" = 14) [0m
  [4;35;1mUser Destroy (0.3ms)[0m   [0mDELETE FROM "users" WHERE "id" = 14[0m
Rendering template within layouts/_user
Rendering user/destroy
Rendered layouts/_user (1.1ms)
Completed in 12ms (View: 2, DB: 0) | 200 OK [http://localhost/user/destroy/14?method=delete]
  [4;36;1mUser Load (1.3ms)[0m   [0;1mSELECT * FROM "users" [0m
  [4;35;1mUser Load (1.3ms)[0m   [0mSELECT * FROM "users" [0m
  [4;36;1mUser Load (1.0ms)[0m   [0;1mSELECT * FROM "users" [0m
  [4;35;1mUser Load (1.3ms)[0m   [0mSELECT * FROM "users" [0m
  [4;36;1mUser Load (1.3ms)[0m   [0;1mSELECT * FROM "users" [0m
  [4;35;1mUser Load (1.3ms)[0m   [0mSELECT * FROM "users" [0m
  [4;36;1mUser Load (1.3ms)[0m   [0;1mSELECT * FROM "users" [0m
  [4;35;1mUser Load (1.2ms)[0m   [0mSELECT * FROM "users" [0m
  [4;36;1mUser Load (1.3ms)[0m   [0;1mSELECT * FROM "users" [0m
  [4;35;1mUser Load (1.4ms)[0m   [0mSELECT * FROM "users" [0m
  [4;36;1mUser Load (1.3ms)[0m   [0;1mSELECT * FROM "users" [0m
  [4;35;1mUser Update (0.4ms)[0m   [0mUPDATE "users" SET "updated_at" = '2009-12-09 17:00:20', "position" = 2 WHERE "id" = 6[0m
  [4;36;1mUser Update (0.2ms)[0m   [0;1mUPDATE "users" SET "updated_at" = '2009-12-09 17:00:20', "position" = 3 WHERE "id" = 7[0m
  [4;35;1mUser Update (0.3ms)[0m   [0mUPDATE "users" SET "updated_at" = '2009-12-09 17:00:20', "position" = 4 WHERE "id" = 8[0m
  [4;36;1mUser Update (0.3ms)[0m   [0;1mUPDATE "users" SET "updated_at" = '2009-12-09 17:00:20', "position" = 5 WHERE "id" = 9[0m
  [4;35;1mUser Update (0.3ms)[0m   [0mUPDATE "users" SET "updated_at" = '2009-12-09 17:00:20', "position" = 6 WHERE "id" = 10[0m
  [4;36;1mUser Update (0.3ms)[0m   [0;1mUPDATE "users" SET "updated_at" = '2009-12-09 17:00:20', "position" = 7 WHERE "id" = 11[0m
  [4;35;1mUser Update (0.2ms)[0m   [0mUPDATE "users" SET "updated_at" = '2009-12-09 17:00:20', "position" = 8 WHERE "id" = 12[0m
  [4;36;1mUser Update (0.2ms)[0m   [0;1mUPDATE "users" SET "updated_at" = '2009-12-09 17:00:20', "position" = 1 WHERE "id" = 13[0m
  [4;35;1mUser Load (1.3ms)[0m   [0mSELECT * FROM "users" [0m
  [4;36;1mUser Update (0.5ms)[0m   [0;1mUPDATE "users" SET "updated_at" = '2009-12-09 17:00:25', "position" = 3 WHERE "id" = 6[0m
  [4;35;1mUser Update (0.4ms)[0m   [0mUPDATE "users" SET "updated_at" = '2009-12-09 17:00:25', "position" = 4 WHERE "id" = 7[0m
  [4;36;1mUser Update (0.3ms)[0m   [0;1mUPDATE "users" SET "updated_at" = '2009-12-09 17:00:25', "position" = 5 WHERE "id" = 8[0m
  [4;35;1mUser Update (0.4ms)[0m   [0mUPDATE "users" SET "updated_at" = '2009-12-09 17:00:25', "position" = 6 WHERE "id" = 9[0m
  [4;36;1mUser Update (0.2ms)[0m   [0;1mUPDATE "users" SET "updated_at" = '2009-12-09 17:00:25', "position" = 7 WHERE "id" = 10[0m
  [4;35;1mUser Update (0.3ms)[0m   [0mUPDATE "users" SET "updated_at" = '2009-12-09 17:00:25', "position" = 8 WHERE "id" = 11[0m
  [4;36;1mUser Update (0.2ms)[0m   [0;1mUPDATE "users" SET "updated_at" = '2009-12-09 17:00:25', "position" = 1 WHERE "id" = 12[0m
  [4;35;1mUser Update (0.5ms)[0m   [0mUPDATE "users" SET "updated_at" = '2009-12-09 17:00:25', "position" = 2 WHERE "id" = 13[0m


Processing UserController#list (for 127.0.0.1 at 2009-12-09 09:13:20) [GET]
  [4;36;1mUser Load (1.0ms)[0m   [0;1mSELECT * FROM "users" [0m
Rendering template within layouts/_user
Rendering user/list

ActionView::TemplateError (undefined method `spin' for UserHelper:Module) on line #1 of app/views/user/list.html.erb:
1: <%= button_to "Spin Wheel",  :action => UserHelper.spin 
2: 
3: 
4: 

    app/views/user/list.html.erb:1
    app/controllers/user_controller.rb:42:in `list'

Rendered rescues/_trace (110.8ms)
Rendered rescues/_request_and_response (0.3ms)
Rendering rescues/layout (internal_server_error)


Processing UserController#list (for 127.0.0.1 at 2009-12-09 09:21:07) [GET]
  [4;35;1mUser Load (1.0ms)[0m   [0mSELECT * FROM "users" [0m
Rendering template within layouts/_user
Rendering user/list
Rendered layouts/_user (0.9ms)
Completed in 17ms (View: 12, DB: 1) | 200 OK [http://localhost/user/list]


Processing UserController#spin (for 127.0.0.1 at 2009-12-09 09:21:11) [POST]
  Parameters: {"authenticity_token"=>"ZwD0pncnQ+Cb1789iCYp2PLfaL79vpT5dqVA+tK0lvQ="}
  [4;36;1mUser Load (1.0ms)[0m   [0;1mSELECT * FROM "users" [0m
  [4;35;1mUser Update (0.3ms)[0m   [0mUPDATE "users" SET "updated_at" = '2009-12-09 17:21:11', "position" = 4 WHERE "id" = 6[0m
  [4;36;1mUser Update (0.3ms)[0m   [0;1mUPDATE "users" SET "updated_at" = '2009-12-09 17:21:11', "position" = 5 WHERE "id" = 7[0m
  [4;35;1mUser Update (0.3ms)[0m   [0mUPDATE "users" SET "updated_at" = '2009-12-09 17:21:11', "position" = 6 WHERE "id" = 8[0m
  [4;36;1mUser Update (0.4ms)[0m   [0;1mUPDATE "users" SET "updated_at" = '2009-12-09 17:21:11', "position" = 7 WHERE "id" = 9[0m
  [4;35;1mUser Update (0.3ms)[0m   [0mUPDATE "users" SET "updated_at" = '2009-12-09 17:21:11', "position" = 8 WHERE "id" = 10[0m
  [4;36;1mUser Update (0.2ms)[0m   [0;1mUPDATE "users" SET "updated_at" = '2009-12-09 17:21:11', "position" = 1 WHERE "id" = 11[0m
  [4;35;1mUser Update (0.2ms)[0m   [0mUPDATE "users" SET "updated_at" = '2009-12-09 17:21:11', "position" = 2 WHERE "id" = 12[0m
  [4;36;1mUser Update (0.3ms)[0m   [0;1mUPDATE "users" SET "updated_at" = '2009-12-09 17:21:11', "position" = 3 WHERE "id" = 13[0m

ActionView::MissingTemplate (Missing template user/spin.erb in view path app/views):
  

Rendering rescues/layout (internal_server_error)


Processing UserController#list (for 127.0.0.1 at 2009-12-09 09:22:41) [GET]
  [4;35;1mUser Load (1.1ms)[0m   [0mSELECT * FROM "users" [0m
Rendering template within layouts/_user
Rendering user/list

ActionView::TemplateError (undefined local variable or method `redirect_to' for #<ActionView::Base:0x10422e200>) on line #1 of app/views/user/list.html.erb:
1: <%= button_to "Spin Wheel",  :action => :spin, redirect_to  => :list 
2: 
3: 
4: 

    app/views/user/list.html.erb:1
    app/controllers/user_controller.rb:42:in `list'

Rendered rescues/_trace (110.0ms)
Rendered rescues/_request_and_response (0.3ms)
Rendering rescues/layout (internal_server_error)


Processing UserController#list (for 127.0.0.1 at 2009-12-09 09:25:34) [GET]
  [4;36;1mUser Load (1.0ms)[0m   [0;1mSELECT * FROM "users" [0m
Rendering template within layouts/_user
Rendering user/list
Rendered layouts/_user (0.9ms)
Completed in 17ms (View: 11, DB: 1) | 200 OK [http://localhost/user/list]


Processing UserController#list (for 127.0.0.1 at 2009-12-09 09:25:37) [GET]
  [4;35;1mUser Load (1.0ms)[0m   [0mSELECT * FROM "users" [0m
Rendering template within layouts/_user
Rendering user/list
Rendered layouts/_user (0.9ms)
Completed in 13ms (View: 8, DB: 1) | 200 OK [http://localhost/user/list]


Processing UserController#spin (for 127.0.0.1 at 2009-12-09 09:25:38) [POST]
  Parameters: {"authenticity_token"=>"ZwD0pncnQ+Cb1789iCYp2PLfaL79vpT5dqVA+tK0lvQ="}
  [4;36;1mUser Load (1.0ms)[0m   [0;1mSELECT * FROM "users" [0m
  [4;35;1mUser Update (0.3ms)[0m   [0mUPDATE "users" SET "updated_at" = '2009-12-09 17:25:38', "position" = 5 WHERE "id" = 6[0m
  [4;36;1mUser Update (0.3ms)[0m   [0;1mUPDATE "users" SET "updated_at" = '2009-12-09 17:25:38', "position" = 6 WHERE "id" = 7[0m
  [4;35;1mUser Update (0.3ms)[0m   [0mUPDATE "users" SET "updated_at" = '2009-12-09 17:25:38', "position" = 7 WHERE "id" = 8[0m
  [4;36;1mUser Update (0.5ms)[0m   [0;1mUPDATE "users" SET "updated_at" = '2009-12-09 17:25:38', "position" = 8 WHERE "id" = 9[0m
  [4;35;1mUser Update (0.3ms)[0m   [0mUPDATE "users" SET "updated_at" = '2009-12-09 17:25:38', "position" = 1 WHERE "id" = 10[0m
  [4;36;1mUser Update (0.3ms)[0m   [0;1mUPDATE "users" SET "updated_at" = '2009-12-09 17:25:38', "position" = 2 WHERE "id" = 11[0m
  [4;35;1mUser Update (0.3ms)[0m   [0mUPDATE "users" SET "updated_at" = '2009-12-09 17:25:38', "position" = 3 WHERE "id" = 12[0m
  [4;36;1mUser Update (0.3ms)[0m   [0;1mUPDATE "users" SET "updated_at" = '2009-12-09 17:25:38', "position" = 4 WHERE "id" = 13[0m
Redirected to http://localhost:3000/user/list
Completed in 35ms (DB: 3) | 302 Found [http://localhost/user/spin]


Processing UserController#list (for 127.0.0.1 at 2009-12-09 09:25:38) [GET]
  [4;35;1mUser Load (1.0ms)[0m   [0mSELECT * FROM "users" [0m
Rendering template within layouts/_user
Rendering user/list
Rendered layouts/_user (0.9ms)
Completed in 12ms (View: 7, DB: 1) | 200 OK [http://localhost/user/list]


Processing UserController#index (for 127.0.0.1 at 2009-12-09 09:28:49) [GET]
  [4;36;1mUser Load (1.0ms)[0m   [0;1mSELECT * FROM "users" [0m
Rendering template within layouts/_user
Rendering user/index
Rendered layouts/_user (1.3ms)
Completed in 9ms (View: 4, DB: 1) | 200 OK [http://localhost/]


Processing UserController#index (for 127.0.0.1 at 2009-12-09 09:31:58) [GET]
  [4;35;1mUser Load (1.0ms)[0m   [0mSELECT * FROM "users" [0m
Rendering template within layouts/_user
Rendering user/index
Rendered layouts/_user (1.4ms)
Completed in 14ms (View: 9, DB: 1) | 200 OK [http://localhost/]


Processing UserController#index (for 127.0.0.1 at 2009-12-09 09:34:32) [GET]
  [4;36;1mUser Load (1.0ms)[0m   [0;1mSELECT * FROM "users" [0m
Rendering template within layouts/_user
Rendering user/index
Rendered layouts/_user (1.3ms)
Completed in 10ms (View: 5, DB: 1) | 200 OK [http://localhost/]


Processing UserController#index (for 127.0.0.1 at 2009-12-09 09:37:52) [GET]
  [4;35;1mUser Load (1.0ms)[0m   [0mSELECT * FROM "users" [0m
Rendering template within layouts/_user
Rendering user/index
Rendered layouts/_user (1.4ms)
Completed in 9ms (View: 4, DB: 1) | 200 OK [http://localhost/]


Processing UserController#index (for 127.0.0.1 at 2009-12-09 09:37:53) [GET]
  [4;36;1mUser Load (1.0ms)[0m   [0;1mSELECT * FROM "users" [0m
Rendering template within layouts/_user
Rendering user/index
Rendered layouts/_user (1.4ms)
Completed in 10ms (View: 5, DB: 1) | 200 OK [http://localhost/]


Processing UserController#index (for 127.0.0.1 at 2009-12-09 09:38:10) [GET]
  [4;35;1mUser Load (1.1ms)[0m   [0mSELECT * FROM "users" [0m
Rendering template within layouts/_user
Rendering user/index
Rendered layouts/_user (1.4ms)
Completed in 10ms (View: 5, DB: 1) | 200 OK [http://localhost/]


Processing UserController#index (for 127.0.0.1 at 2009-12-09 09:38:50) [GET]
  [4;36;1mUser Load (1.0ms)[0m   [0;1mSELECT * FROM "users" [0m
Rendering template within layouts/_user
Rendering user/index
Rendered layouts/_user (1.3ms)
Completed in 14ms (View: 9, DB: 1) | 200 OK [http://localhost/]


Processing UserController#index (for 127.0.0.1 at 2009-12-09 09:38:51) [GET]
  [4;35;1mUser Load (1.0ms)[0m   [0mSELECT * FROM "users" [0m
Rendering template within layouts/_user
Rendering user/index
Rendered layouts/_user (1.3ms)
Completed in 9ms (View: 4, DB: 1) | 200 OK [http://localhost/]


Processing UserController#index (for 127.0.0.1 at 2009-12-09 09:40:28) [GET]
  [4;36;1mUser Load (1.2ms)[0m   [0;1mSELECT * FROM "users" [0m
Rendering template within layouts/_user
Rendering user/index
Rendered layouts/_user (1.5ms)
Completed in 71ms (View: 66, DB: 1) | 200 OK [http://localhost/]


Processing UserController#index (for 127.0.0.1 at 2009-12-09 09:40:30) [GET]
  [4;35;1mUser Load (1.0ms)[0m   [0mSELECT * FROM "users" [0m
Rendering template within layouts/_user
Rendering user/index
Rendered layouts/_user (1.3ms)
Completed in 10ms (View: 4, DB: 1) | 200 OK [http://localhost/]


Processing UserController#index (for 127.0.0.1 at 2009-12-09 09:41:24) [GET]
  [4;36;1mUser Load (1.0ms)[0m   [0;1mSELECT * FROM "users" [0m
Rendering template within layouts/_user
Rendering user/index
Rendered layouts/_user (1.4ms)
Completed in 10ms (View: 5, DB: 1) | 200 OK [http://localhost/]


Processing ApplicationController#index (for 127.0.0.1 at 2009-12-09 09:41:24) [GET]

ActionController::RoutingError (No route matches "/stylesheets/images/giftwheel.jpg" with {:method=>:get}):
  

Rendering rescues/layout (not_found)


Processing UserController#index (for 127.0.0.1 at 2009-12-09 09:42:02) [GET]
  [4;35;1mUser Load (1.0ms)[0m   [0mSELECT * FROM "users" [0m
Rendering template within layouts/_user
Rendering user/index
Rendered layouts/_user (1.3ms)
Completed in 9ms (View: 4, DB: 1) | 200 OK [http://localhost/]


Processing UserController#index (for 127.0.0.1 at 2009-12-09 09:42:15) [GET]
  [4;36;1mUser Load (1.0ms)[0m   [0;1mSELECT * FROM "users" [0m
Rendering template within layouts/_user
Rendering user/index
Rendered layouts/_user (1.3ms)
Completed in 9ms (View: 4, DB: 1) | 200 OK [http://localhost/]


Processing ApplicationController#index (for 127.0.0.1 at 2009-12-09 09:42:15) [GET]

ActionController::RoutingError (No route matches "/stylesheets/giftwheel.jpg" with {:method=>:get}):
  

Rendering rescues/layout (not_found)


Processing UserController#index (for 127.0.0.1 at 2009-12-09 09:42:21) [GET]
  [4;35;1mUser Load (1.0ms)[0m   [0mSELECT * FROM "users" [0m
Rendering template within layouts/_user
Rendering user/index
Rendered layouts/_user (1.3ms)
Completed in 10ms (View: 4, DB: 1) | 200 OK [http://localhost/]


Processing UserController#index (for 127.0.0.1 at 2009-12-09 09:42:32) [GET]
  [4;36;1mUser Load (1.0ms)[0m   [0;1mSELECT * FROM "users" [0m
Rendering template within layouts/_user
Rendering user/index
Rendered layouts/_user (1.3ms)
Completed in 9ms (View: 4, DB: 1) | 200 OK [http://localhost/]


Processing UserController#index (for 127.0.0.1 at 2009-12-09 09:43:08) [GET]
  [4;35;1mUser Load (1.0ms)[0m   [0mSELECT * FROM "users" [0m
Rendering template within layouts/_user
Rendering user/index
Rendered layouts/_user (1.4ms)
Completed in 10ms (View: 5, DB: 1) | 200 OK [http://localhost/]


Processing UserController#index (for 127.0.0.1 at 2009-12-09 09:43:49) [GET]
  [4;36;1mUser Load (1.0ms)[0m   [0;1mSELECT * FROM "users" [0m
Rendering template within layouts/_user
Rendering user/index
Rendered layouts/_user (1.3ms)
Completed in 10ms (View: 4, DB: 1) | 200 OK [http://localhost/]


Processing UserController#index (for 127.0.0.1 at 2009-12-09 09:44:02) [GET]
  [4;35;1mUser Load (1.0ms)[0m   [0mSELECT * FROM "users" [0m
Rendering template within layouts/_user
Rendering user/index
Rendered layouts/_user (1.3ms)
Completed in 10ms (View: 4, DB: 1) | 200 OK [http://localhost/]


Processing UserController#index (for 127.0.0.1 at 2009-12-09 09:44:20) [GET]
  [4;36;1mUser Load (1.0ms)[0m   [0;1mSELECT * FROM "users" [0m
Rendering template within layouts/_user
Rendering user/index
Rendered layouts/_user (1.4ms)
Completed in 10ms (View: 5, DB: 1) | 200 OK [http://localhost/]


Processing UserController#index (for 127.0.0.1 at 2009-12-09 09:44:36) [GET]
  [4;35;1mUser Load (1.0ms)[0m   [0mSELECT * FROM "users" [0m
Rendering template within layouts/_user
Rendering user/index
Rendered layouts/_user (1.4ms)
Completed in 9ms (View: 4, DB: 1) | 200 OK [http://localhost/]


Processing UserController#new (for 127.0.0.1 at 2009-12-09 09:44:43) [GET]
Rendering template within layouts/_user
Rendering user/new
Rendered layouts/_user (0.9ms)
Completed in 6ms (View: 5, DB: 0) | 200 OK [http://localhost/user/new]


Processing UserController#list (for 127.0.0.1 at 2009-12-09 09:44:45) [GET]
  [4;36;1mUser Load (1.0ms)[0m   [0;1mSELECT * FROM "users" [0m
Rendering template within layouts/_user
Rendering user/list
Rendered layouts/_user (0.9ms)
Completed in 12ms (View: 7, DB: 1) | 200 OK [http://localhost/user/list]


Processing UserController#index (for 127.0.0.1 at 2009-12-09 09:44:46) [GET]
  [4;35;1mUser Load (1.0ms)[0m   [0mSELECT * FROM "users" [0m
Rendering template within layouts/_user
Rendering user/index
Rendered layouts/_user (1.3ms)
Completed in 10ms (View: 5, DB: 1) | 200 OK [http://localhost/]


Processing UserController#index (for 127.0.0.1 at 2009-12-09 09:45:19) [GET]
  [4;36;1mUser Load (1.0ms)[0m   [0;1mSELECT * FROM "users" [0m
Rendering template within layouts/_user
Rendering user/index
Rendered layouts/_user (1.3ms)
Completed in 9ms (View: 4, DB: 1) | 200 OK [http://localhost/]


Processing UserController#index (for 127.0.0.1 at 2009-12-09 09:46:15) [GET]
  [4;35;1mUser Load (1.0ms)[0m   [0mSELECT * FROM "users" [0m
Rendering template within layouts/_user
Rendering user/index
Rendered layouts/_user (1.4ms)
Completed in 14ms (View: 8, DB: 1) | 200 OK [http://localhost/]


Processing UserController#index (for 127.0.0.1 at 2009-12-09 09:47:59) [GET]
  [4;36;1mUser Load (1.0ms)[0m   [0;1mSELECT * FROM "users" [0m
Rendering template within layouts/_user
Rendering user/index
Rendered layouts/_user (1.4ms)
Completed in 10ms (View: 4, DB: 1) | 200 OK [http://localhost/]


Processing UserController#index (for 127.0.0.1 at 2009-12-09 09:48:16) [GET]
  [4;35;1mUser Load (1.0ms)[0m   [0mSELECT * FROM "users" [0m
Rendering template within layouts/_user
Rendering user/index
Rendered layouts/_user (1.4ms)
Completed in 9ms (View: 4, DB: 1) | 200 OK [http://localhost/]


Processing UserController#index (for 127.0.0.1 at 2009-12-09 09:48:32) [GET]
  [4;36;1mUser Load (1.1ms)[0m   [0;1mSELECT * FROM "users" [0m
Rendering template within layouts/_user
Rendering user/index
Rendered layouts/_user (1.3ms)
Completed in 9ms (View: 4, DB: 1) | 200 OK [http://localhost/]


Processing UserController#index (for 127.0.0.1 at 2009-12-09 09:48:50) [GET]
  [4;35;1mUser Load (1.0ms)[0m   [0mSELECT * FROM "users" [0m
Rendering template within layouts/_user
Rendering user/index
Rendered layouts/_user (1.4ms)
Completed in 9ms (View: 4, DB: 1) | 200 OK [http://localhost/]


Processing UserController#index (for 127.0.0.1 at 2009-12-09 09:48:59) [GET]
  [4;36;1mUser Load (1.0ms)[0m   [0;1mSELECT * FROM "users" [0m
Rendering template within layouts/_user
Rendering user/index
Rendered layouts/_user (1.3ms)
Completed in 10ms (View: 4, DB: 1) | 200 OK [http://localhost/]


Processing UserController#index (for 127.0.0.1 at 2009-12-09 09:49:25) [GET]
  [4;35;1mUser Load (1.0ms)[0m   [0mSELECT * FROM "users" [0m
Rendering template within layouts/_user
Rendering user/index
Rendered layouts/_user (1.3ms)
Completed in 9ms (View: 4, DB: 1) | 200 OK [http://localhost/]


Processing UserController#index (for 127.0.0.1 at 2009-12-09 09:49:32) [GET]
  [4;36;1mUser Load (1.0ms)[0m   [0;1mSELECT * FROM "users" [0m
Rendering template within layouts/_user
Rendering user/index
Rendered layouts/_user (1.3ms)
Completed in 10ms (View: 4, DB: 1) | 200 OK [http://localhost/]


Processing UserController#index (for 127.0.0.1 at 2009-12-09 09:49:58) [GET]
  [4;35;1mUser Load (1.0ms)[0m   [0mSELECT * FROM "users" [0m
Rendering template within layouts/_user
Rendering user/index
Rendered layouts/_user (1.4ms)
Completed in 10ms (View: 4, DB: 1) | 200 OK [http://localhost/]


Processing UserController#index (for 127.0.0.1 at 2009-12-09 09:50:19) [GET]
  [4;36;1mUser Load (1.0ms)[0m   [0;1mSELECT * FROM "users" [0m
Rendering template within layouts/_user
Rendering user/index
Rendered layouts/_user (1.3ms)
Completed in 10ms (View: 4, DB: 1) | 200 OK [http://localhost/]


Processing UserController#index (for 127.0.0.1 at 2009-12-09 09:50:33) [GET]
  [4;35;1mUser Load (1.0ms)[0m   [0mSELECT * FROM "users" [0m
Rendering template within layouts/_user
Rendering user/index
Rendered layouts/_user (1.3ms)
Completed in 10ms (View: 4, DB: 1) | 200 OK [http://localhost/]


Processing UserController#index (for 127.0.0.1 at 2009-12-09 09:51:18) [GET]
  [4;36;1mUser Load (1.0ms)[0m   [0;1mSELECT * FROM "users" [0m
Rendering template within layouts/_user
Rendering user/index
Rendered layouts/_user (1.3ms)
Completed in 10ms (View: 5, DB: 1) | 200 OK [http://localhost/]


Processing UserController#index (for 127.0.0.1 at 2009-12-09 09:51:31) [GET]
  [4;35;1mUser Load (1.0ms)[0m   [0mSELECT * FROM "users" [0m
Rendering template within layouts/_user
Rendering user/index
Rendered layouts/_user (1.3ms)
Completed in 9ms (View: 4, DB: 1) | 200 OK [http://localhost/]


Processing UserController#index (for 127.0.0.1 at 2009-12-09 09:51:40) [GET]
  [4;36;1mUser Load (1.0ms)[0m   [0;1mSELECT * FROM "users" [0m
Rendering template within layouts/_user
Rendering user/index
Rendered layouts/_user (1.3ms)
Completed in 9ms (View: 4, DB: 1) | 200 OK [http://localhost/]


Processing UserController#index (for 127.0.0.1 at 2009-12-09 09:52:02) [GET]
  [4;35;1mUser Load (1.0ms)[0m   [0mSELECT * FROM "users" [0m
Rendering template within layouts/_user
Rendering user/index
Rendered layouts/_user (1.3ms)
Completed in 9ms (View: 4, DB: 1) | 200 OK [http://localhost/]


Processing UserController#index (for 127.0.0.1 at 2009-12-09 09:52:31) [GET]
  [4;36;1mUser Load (1.0ms)[0m   [0;1mSELECT * FROM "users" [0m
Rendering template within layouts/_user
Rendering user/index
Rendered layouts/_user (1.3ms)
Completed in 10ms (View: 4, DB: 1) | 200 OK [http://localhost/]


Processing UserController#index (for 127.0.0.1 at 2009-12-09 09:52:41) [GET]
  [4;35;1mUser Load (1.0ms)[0m   [0mSELECT * FROM "users" [0m
Rendering template within layouts/_user
Rendering user/index
Rendered layouts/_user (1.5ms)
Completed in 10ms (View: 5, DB: 1) | 200 OK [http://localhost/]


Processing UserController#index (for 127.0.0.1 at 2009-12-09 09:52:48) [GET]
  [4;36;1mUser Load (1.0ms)[0m   [0;1mSELECT * FROM "users" [0m
Rendering template within layouts/_user
Rendering user/index
Rendered layouts/_user (1.4ms)
Completed in 10ms (View: 4, DB: 1) | 200 OK [http://localhost/]


Processing UserController#index (for 127.0.0.1 at 2009-12-09 09:53:08) [GET]
  [4;35;1mUser Load (1.0ms)[0m   [0mSELECT * FROM "users" [0m
Rendering template within layouts/_user
Rendering user/index
Rendered layouts/_user (1.4ms)
Completed in 10ms (View: 4, DB: 1) | 200 OK [http://localhost/]


Processing UserController#index (for 127.0.0.1 at 2009-12-09 09:53:14) [GET]
  [4;36;1mUser Load (1.0ms)[0m   [0;1mSELECT * FROM "users" [0m
Rendering template within layouts/_user
Rendering user/index
Rendered layouts/_user (1.9ms)
Completed in 10ms (View: 5, DB: 1) | 200 OK [http://localhost/]


Processing UserController#index (for 127.0.0.1 at 2009-12-09 09:53:59) [GET]
  [4;35;1mUser Load (1.0ms)[0m   [0mSELECT * FROM "users" [0m
Rendering template within layouts/_user
Rendering user/index
Rendered layouts/_user (1.4ms)
Completed in 9ms (View: 4, DB: 1) | 200 OK [http://localhost/]


Processing UserController#index (for 127.0.0.1 at 2009-12-09 09:54:05) [GET]
  [4;36;1mUser Load (1.1ms)[0m   [0;1mSELECT * FROM "users" [0m
Rendering template within layouts/_user
Rendering user/index
Rendered layouts/_user (1.3ms)
Completed in 10ms (View: 5, DB: 1) | 200 OK [http://localhost/]


Processing UserController#index (for 127.0.0.1 at 2009-12-09 09:55:13) [GET]
  [4;35;1mUser Load (1.0ms)[0m   [0mSELECT * FROM "users" [0m
Rendering template within layouts/_user
Rendering user/index
Rendered layouts/_user (1.4ms)
Completed in 69ms (View: 64, DB: 1) | 200 OK [http://localhost/]


Processing UserController#index (for 127.0.0.1 at 2009-12-09 09:55:25) [GET]
  [4;36;1mUser Load (1.0ms)[0m   [0;1mSELECT * FROM "users" [0m
Rendering template within layouts/_user
Rendering user/index
Rendered layouts/_user (1.3ms)
Completed in 10ms (View: 4, DB: 1) | 200 OK [http://localhost/]


Processing UserController#index (for 127.0.0.1 at 2009-12-09 09:55:58) [GET]
  [4;35;1mUser Load (1.0ms)[0m   [0mSELECT * FROM "users" [0m
Rendering template within layouts/_user
Rendering user/index
Rendered layouts/_user (1.4ms)
Completed in 10ms (View: 4, DB: 1) | 200 OK [http://localhost/]


Processing UserController#index (for 127.0.0.1 at 2009-12-09 09:56:06) [GET]
  [4;36;1mUser Load (1.0ms)[0m   [0;1mSELECT * FROM "users" [0m
Rendering template within layouts/_user
Rendering user/index
Rendered layouts/_user (1.5ms)
Completed in 10ms (View: 5, DB: 1) | 200 OK [http://localhost/]


Processing UserController#index (for 127.0.0.1 at 2009-12-09 09:56:14) [GET]
  [4;35;1mUser Load (1.0ms)[0m   [0mSELECT * FROM "users" [0m
Rendering template within layouts/_user
Rendering user/index
Rendered layouts/_user (1.3ms)
Completed in 9ms (View: 4, DB: 1) | 200 OK [http://localhost/]


Processing UserController#index (for 127.0.0.1 at 2009-12-09 09:56:19) [GET]
  [4;36;1mUser Load (1.0ms)[0m   [0;1mSELECT * FROM "users" [0m
Rendering template within layouts/_user
Rendering user/index
Rendered layouts/_user (1.3ms)
Completed in 9ms (View: 4, DB: 1) | 200 OK [http://localhost/]


Processing UserController#index (for 127.0.0.1 at 2009-12-09 09:56:39) [GET]
  [4;35;1mUser Load (1.0ms)[0m   [0mSELECT * FROM "users" [0m
Rendering template within layouts/_user
Rendering user/index
Rendered layouts/_user (1.5ms)
Completed in 10ms (View: 5, DB: 1) | 200 OK [http://localhost/]


Processing UserController#index (for 127.0.0.1 at 2009-12-09 09:57:06) [GET]
  [4;36;1mUser Load (1.0ms)[0m   [0;1mSELECT * FROM "users" [0m
Rendering template within layouts/_user
Rendering user/index
Rendered layouts/_user (1.3ms)
Completed in 9ms (View: 4, DB: 1) | 200 OK [http://localhost/]


Processing UserController#index (for 127.0.0.1 at 2009-12-09 09:57:12) [GET]
  [4;35;1mUser Load (1.0ms)[0m   [0mSELECT * FROM "users" [0m
Rendering template within layouts/_user
Rendering user/index
Rendered layouts/_user (1.4ms)
Completed in 10ms (View: 5, DB: 1) | 200 OK [http://localhost/]


Processing UserController#index (for 127.0.0.1 at 2009-12-09 09:57:19) [GET]
  [4;36;1mUser Load (1.0ms)[0m   [0;1mSELECT * FROM "users" [0m
Rendering template within layouts/_user
Rendering user/index
Rendered layouts/_user (1.4ms)
Completed in 10ms (View: 4, DB: 1) | 200 OK [http://localhost/]


Processing UserController#index (for 127.0.0.1 at 2009-12-09 09:57:28) [GET]
  [4;35;1mUser Load (1.0ms)[0m   [0mSELECT * FROM "users" [0m
Rendering template within layouts/_user
Rendering user/index
Rendered layouts/_user (1.3ms)
Completed in 9ms (View: 4, DB: 1) | 200 OK [http://localhost/]


Processing UserController#index (for 127.0.0.1 at 2009-12-09 09:57:35) [GET]
  [4;36;1mUser Load (1.0ms)[0m   [0;1mSELECT * FROM "users" [0m
Rendering template within layouts/_user
Rendering user/index
Rendered layouts/_user (1.3ms)
Completed in 10ms (View: 4, DB: 1) | 200 OK [http://localhost/]


Processing UserController#index (for 127.0.0.1 at 2009-12-09 09:57:55) [GET]
  [4;35;1mUser Load (1.0ms)[0m   [0mSELECT * FROM "users" [0m
Rendering template within layouts/_user
Rendering user/index
Rendered layouts/_user (1.4ms)
Completed in 9ms (View: 4, DB: 1) | 200 OK [http://localhost/]


Processing UserController#index (for 127.0.0.1 at 2009-12-09 09:58:01) [GET]
  [4;36;1mUser Load (1.1ms)[0m   [0;1mSELECT * FROM "users" [0m
Rendering template within layouts/_user
Rendering user/index
Rendered layouts/_user (1.4ms)
Completed in 10ms (View: 5, DB: 1) | 200 OK [http://localhost/]


Processing UserController#index (for 127.0.0.1 at 2009-12-09 09:58:08) [GET]
  [4;35;1mUser Load (1.0ms)[0m   [0mSELECT * FROM "users" [0m
Rendering template within layouts/_user
Rendering user/index
Rendered layouts/_user (1.4ms)
Completed in 10ms (View: 5, DB: 1) | 200 OK [http://localhost/]


Processing UserController#index (for 127.0.0.1 at 2009-12-09 09:58:50) [GET]
  [4;36;1mUser Load (1.0ms)[0m   [0;1mSELECT * FROM "users" [0m
Rendering template within layouts/_user
Rendering user/index
Rendered layouts/_user (1.4ms)
Completed in 9ms (View: 4, DB: 1) | 200 OK [http://localhost/]


Processing UserController#index (for 127.0.0.1 at 2009-12-09 09:58:56) [GET]
  [4;35;1mUser Load (1.0ms)[0m   [0mSELECT * FROM "users" [0m
Rendering template within layouts/_user
Rendering user/index
Rendered layouts/_user (1.4ms)
Completed in 10ms (View: 4, DB: 1) | 200 OK [http://localhost/]


Processing UserController#index (for 127.0.0.1 at 2009-12-09 09:59:18) [GET]
  [4;36;1mUser Load (1.0ms)[0m   [0;1mSELECT * FROM "users" [0m
Rendering template within layouts/_user
Rendering user/index
Rendered layouts/_user (1.4ms)
Completed in 10ms (View: 4, DB: 1) | 200 OK [http://localhost/]


Processing UserController#index (for 127.0.0.1 at 2009-12-09 09:59:24) [GET]
  [4;35;1mUser Load (1.0ms)[0m   [0mSELECT * FROM "users" [0m
Rendering template within layouts/_user
Rendering user/index
Rendered layouts/_user (1.4ms)
Completed in 10ms (View: 5, DB: 1) | 200 OK [http://localhost/]


Processing UserController#index (for 127.0.0.1 at 2009-12-09 09:59:50) [GET]
  [4;36;1mUser Load (1.0ms)[0m   [0;1mSELECT * FROM "users" [0m
Rendering template within layouts/_user
Rendering user/index
Rendered layouts/_user (1.3ms)
Completed in 10ms (View: 4, DB: 1) | 200 OK [http://localhost/]


Processing UserController#index (for 127.0.0.1 at 2009-12-09 09:59:58) [GET]
  [4;35;1mUser Load (1.0ms)[0m   [0mSELECT * FROM "users" [0m
Rendering template within layouts/_user
Rendering user/index
Rendered layouts/_user (1.4ms)
Completed in 10ms (View: 4, DB: 1) | 200 OK [http://localhost/]


Processing UserController#index (for 127.0.0.1 at 2009-12-09 10:00:06) [GET]
  [4;36;1mUser Load (1.0ms)[0m   [0;1mSELECT * FROM "users" [0m
Rendering template within layouts/_user
Rendering user/index
Rendered layouts/_user (1.3ms)
Completed in 9ms (View: 4, DB: 1) | 200 OK [http://localhost/]


Processing UserController#index (for 127.0.0.1 at 2009-12-09 10:00:14) [GET]
  [4;35;1mUser Load (1.0ms)[0m   [0mSELECT * FROM "users" [0m
Rendering template within layouts/_user
Rendering user/index
Rendered layouts/_user (1.3ms)
Completed in 9ms (View: 4, DB: 1) | 200 OK [http://localhost/]


Processing UserController#list (for 127.0.0.1 at 2009-12-09 10:00:21) [GET]
  [4;36;1mUser Load (1.0ms)[0m   [0;1mSELECT * FROM "users" [0m
Rendering template within layouts/_user
Rendering user/list
Rendered layouts/_user (1.0ms)
Completed in 72ms (View: 67, DB: 1) | 200 OK [http://localhost/user/list]


Processing UserController#spin (for 127.0.0.1 at 2009-12-09 10:00:22) [POST]
  Parameters: {"authenticity_token"=>"ZwD0pncnQ+Cb1789iCYp2PLfaL79vpT5dqVA+tK0lvQ="}
  [4;35;1mUser Load (1.0ms)[0m   [0mSELECT * FROM "users" [0m
  [4;36;1mUser Update (0.4ms)[0m   [0;1mUPDATE "users" SET "updated_at" = '2009-12-09 18:00:22', "position" = 6 WHERE "id" = 6[0m
  [4;35;1mUser Update (0.3ms)[0m   [0mUPDATE "users" SET "updated_at" = '2009-12-09 18:00:22', "position" = 7 WHERE "id" = 7[0m
  [4;36;1mUser Update (0.3ms)[0m   [0;1mUPDATE "users" SET "updated_at" = '2009-12-09 18:00:22', "position" = 8 WHERE "id" = 8[0m
  [4;35;1mUser Update (0.3ms)[0m   [0mUPDATE "users" SET "updated_at" = '2009-12-09 18:00:22', "position" = 1 WHERE "id" = 9[0m
  [4;36;1mUser Update (0.3ms)[0m   [0;1mUPDATE "users" SET "updated_at" = '2009-12-09 18:00:22', "position" = 2 WHERE "id" = 10[0m
  [4;35;1mUser Update (0.3ms)[0m   [0mUPDATE "users" SET "updated_at" = '2009-12-09 18:00:22', "position" = 3 WHERE "id" = 11[0m
  [4;36;1mUser Update (0.3ms)[0m   [0;1mUPDATE "users" SET "updated_at" = '2009-12-09 18:00:22', "position" = 4 WHERE "id" = 12[0m
  [4;35;1mUser Update (0.2ms)[0m   [0mUPDATE "users" SET "updated_at" = '2009-12-09 18:00:22', "position" = 5 WHERE "id" = 13[0m
Redirected to http://localhost:3000/user/list
Completed in 35ms (DB: 3) | 302 Found [http://localhost/user/spin]


Processing UserController#list (for 127.0.0.1 at 2009-12-09 10:00:22) [GET]
  [4;36;1mUser Load (1.0ms)[0m   [0;1mSELECT * FROM "users" [0m
Rendering template within layouts/_user
Rendering user/list
Rendered layouts/_user (0.9ms)
Completed in 13ms (View: 7, DB: 1) | 200 OK [http://localhost/user/list]


Processing UserController#index (for 127.0.0.1 at 2009-12-09 10:00:24) [GET]
  [4;35;1mUser Load (1.0ms)[0m   [0mSELECT * FROM "users" [0m
Rendering template within layouts/_user
Rendering user/index
Rendered layouts/_user (1.3ms)
Completed in 9ms (View: 4, DB: 1) | 200 OK [http://localhost/]


Processing UserController#index (for 127.0.0.1 at 2009-12-09 10:01:03) [GET]
  [4;36;1mUser Load (1.0ms)[0m   [0;1mSELECT * FROM "users" [0m
Rendering template within layouts/_user
Rendering user/index
Rendered layouts/_user (1.0ms)
Completed in 14ms (View: 9, DB: 1) | 200 OK [http://localhost/]


Processing UserController#spin (for 127.0.0.1 at 2009-12-09 10:01:08) [POST]
  Parameters: {"authenticity_token"=>"ZwD0pncnQ+Cb1789iCYp2PLfaL79vpT5dqVA+tK0lvQ="}
  [4;35;1mUser Load (1.0ms)[0m   [0mSELECT * FROM "users" [0m
  [4;36;1mUser Update (0.4ms)[0m   [0;1mUPDATE "users" SET "updated_at" = '2009-12-09 18:01:08', "position" = 7 WHERE "id" = 6[0m
  [4;35;1mUser Update (0.3ms)[0m   [0mUPDATE "users" SET "updated_at" = '2009-12-09 18:01:08', "position" = 8 WHERE "id" = 7[0m
  [4;36;1mUser Update (0.3ms)[0m   [0;1mUPDATE "users" SET "updated_at" = '2009-12-09 18:01:08', "position" = 1 WHERE "id" = 8[0m
  [4;35;1mUser Update (0.3ms)[0m   [0mUPDATE "users" SET "updated_at" = '2009-12-09 18:01:08', "position" = 2 WHERE "id" = 9[0m
  [4;36;1mUser Update (0.3ms)[0m   [0;1mUPDATE "users" SET "updated_at" = '2009-12-09 18:01:08', "position" = 3 WHERE "id" = 10[0m
  [4;35;1mUser Update (0.2ms)[0m   [0mUPDATE "users" SET "updated_at" = '2009-12-09 18:01:08', "position" = 4 WHERE "id" = 11[0m
  [4;36;1mUser Update (0.3ms)[0m   [0;1mUPDATE "users" SET "updated_at" = '2009-12-09 18:01:08', "position" = 5 WHERE "id" = 12[0m
  [4;35;1mUser Update (0.3ms)[0m   [0mUPDATE "users" SET "updated_at" = '2009-12-09 18:01:08', "position" = 6 WHERE "id" = 13[0m
Redirected to http://localhost:3000/user/list
Completed in 36ms (DB: 3) | 302 Found [http://localhost/user/spin]


Processing UserController#list (for 127.0.0.1 at 2009-12-09 10:01:08) [GET]
  [4;36;1mUser Load (1.0ms)[0m   [0;1mSELECT * FROM "users" [0m
Rendering template within layouts/_user
Rendering user/list
Rendered layouts/_user (1.2ms)
Completed in 16ms (View: 11, DB: 1) | 200 OK [http://localhost/user/list]


Processing UserController#list (for 127.0.0.1 at 2009-12-09 10:01:41) [GET]
  [4;35;1mUser Load (1.0ms)[0m   [0mSELECT * FROM "users" [0m
Rendering template within layouts/_user
Rendering user/list
Rendered layouts/_user (1.2ms)
Completed in 16ms (View: 11, DB: 1) | 200 OK [http://localhost/user/list]


Processing UserController#index (for 127.0.0.1 at 2009-12-09 10:01:43) [GET]
  [4;36;1mUser Load (1.1ms)[0m   [0;1mSELECT * FROM "users" [0m
Rendering template within layouts/_user
Rendering user/index
Rendered layouts/_user (1.1ms)
Completed in 12ms (View: 6, DB: 1) | 200 OK [http://localhost/]


Processing UserController#spin (for 127.0.0.1 at 2009-12-09 10:01:45) [POST]
  Parameters: {"authenticity_token"=>"ZwD0pncnQ+Cb1789iCYp2PLfaL79vpT5dqVA+tK0lvQ="}
  [4;35;1mUser Load (1.0ms)[0m   [0mSELECT * FROM "users" [0m
  [4;36;1mUser Update (0.3ms)[0m   [0;1mUPDATE "users" SET "updated_at" = '2009-12-09 18:01:45', "position" = 8 WHERE "id" = 6[0m
  [4;35;1mUser Update (0.3ms)[0m   [0mUPDATE "users" SET "updated_at" = '2009-12-09 18:01:45', "position" = 1 WHERE "id" = 7[0m
  [4;36;1mUser Update (0.3ms)[0m   [0;1mUPDATE "users" SET "updated_at" = '2009-12-09 18:01:45', "position" = 2 WHERE "id" = 8[0m
  [4;35;1mUser Update (0.3ms)[0m   [0mUPDATE "users" SET "updated_at" = '2009-12-09 18:01:45', "position" = 3 WHERE "id" = 9[0m
  [4;36;1mUser Update (0.2ms)[0m   [0;1mUPDATE "users" SET "updated_at" = '2009-12-09 18:01:45', "position" = 4 WHERE "id" = 10[0m
  [4;35;1mUser Update (0.3ms)[0m   [0mUPDATE "users" SET "updated_at" = '2009-12-09 18:01:45', "position" = 5 WHERE "id" = 11[0m
  [4;36;1mUser Update (0.2ms)[0m   [0;1mUPDATE "users" SET "updated_at" = '2009-12-09 18:01:45', "position" = 6 WHERE "id" = 12[0m
  [4;35;1mUser Update (0.2ms)[0m   [0mUPDATE "users" SET "updated_at" = '2009-12-09 18:01:45', "position" = 7 WHERE "id" = 13[0m
Redirected to http://localhost:3000/
Completed in 34ms (DB: 3) | 302 Found [http://localhost/user/spin]


Processing UserController#index (for 127.0.0.1 at 2009-12-09 10:01:45) [GET]
  [4;36;1mUser Load (1.0ms)[0m   [0;1mSELECT * FROM "users" [0m
Rendering template within layouts/_user
Rendering user/index
Rendered layouts/_user (1.0ms)
Completed in 10ms (View: 5, DB: 1) | 200 OK [http://localhost/]


Processing UserController#spin (for 127.0.0.1 at 2009-12-09 10:01:46) [POST]
  Parameters: {"authenticity_token"=>"ZwD0pncnQ+Cb1789iCYp2PLfaL79vpT5dqVA+tK0lvQ="}
  [4;35;1mUser Load (1.0ms)[0m   [0mSELECT * FROM "users" [0m
  [4;36;1mUser Update (0.3ms)[0m   [0;1mUPDATE "users" SET "updated_at" = '2009-12-09 18:01:46', "position" = 1 WHERE "id" = 6[0m
  [4;35;1mUser Update (0.3ms)[0m   [0mUPDATE "users" SET "updated_at" = '2009-12-09 18:01:46', "position" = 2 WHERE "id" = 7[0m
  [4;36;1mUser Update (0.3ms)[0m   [0;1mUPDATE "users" SET "updated_at" = '2009-12-09 18:01:46', "position" = 3 WHERE "id" = 8[0m
  [4;35;1mUser Update (0.4ms)[0m   [0mUPDATE "users" SET "updated_at" = '2009-12-09 18:01:46', "position" = 4 WHERE "id" = 9[0m
  [4;36;1mUser Update (0.3ms)[0m   [0;1mUPDATE "users" SET "updated_at" = '2009-12-09 18:01:46', "position" = 5 WHERE "id" = 10[0m
  [4;35;1mUser Update (0.2ms)[0m   [0mUPDATE "users" SET "updated_at" = '2009-12-09 18:01:46', "position" = 6 WHERE "id" = 11[0m
  [4;36;1mUser Update (0.2ms)[0m   [0;1mUPDATE "users" SET "updated_at" = '2009-12-09 18:01:46', "position" = 7 WHERE "id" = 12[0m
  [4;35;1mUser Update (0.3ms)[0m   [0mUPDATE "users" SET "updated_at" = '2009-12-09 18:01:46', "position" = 8 WHERE "id" = 13[0m
Redirected to http://localhost:3000/
Completed in 34ms (DB: 3) | 302 Found [http://localhost/user/spin]


Processing UserController#index (for 127.0.0.1 at 2009-12-09 10:01:46) [GET]
  [4;36;1mUser Load (1.0ms)[0m   [0;1mSELECT * FROM "users" [0m
Rendering template within layouts/_user
Rendering user/index
Rendered layouts/_user (1.0ms)
Completed in 10ms (View: 5, DB: 1) | 200 OK [http://localhost/]


Processing UserController#spin (for 127.0.0.1 at 2009-12-09 10:01:47) [POST]
  Parameters: {"authenticity_token"=>"ZwD0pncnQ+Cb1789iCYp2PLfaL79vpT5dqVA+tK0lvQ="}
  [4;35;1mUser Load (1.0ms)[0m   [0mSELECT * FROM "users" [0m
  [4;36;1mUser Update (0.3ms)[0m   [0;1mUPDATE "users" SET "updated_at" = '2009-12-09 18:01:47', "position" = 2 WHERE "id" = 6[0m
  [4;35;1mUser Update (0.3ms)[0m   [0mUPDATE "users" SET "updated_at" = '2009-12-09 18:01:47', "position" = 3 WHERE "id" = 7[0m
  [4;36;1mUser Update (0.3ms)[0m   [0;1mUPDATE "users" SET "updated_at" = '2009-12-09 18:01:47', "position" = 4 WHERE "id" = 8[0m
  [4;35;1mUser Update (0.4ms)[0m   [0mUPDATE "users" SET "updated_at" = '2009-12-09 18:01:47', "position" = 5 WHERE "id" = 9[0m
  [4;36;1mUser Update (0.4ms)[0m   [0;1mUPDATE "users" SET "updated_at" = '2009-12-09 18:01:47', "position" = 6 WHERE "id" = 10[0m
  [4;35;1mUser Update (0.3ms)[0m   [0mUPDATE "users" SET "updated_at" = '2009-12-09 18:01:47', "position" = 7 WHERE "id" = 11[0m
  [4;36;1mUser Update (0.3ms)[0m   [0;1mUPDATE "users" SET "updated_at" = '2009-12-09 18:01:47', "position" = 8 WHERE "id" = 12[0m
  [4;35;1mUser Update (0.3ms)[0m   [0mUPDATE "users" SET "updated_at" = '2009-12-09 18:01:47', "position" = 1 WHERE "id" = 13[0m
Redirected to http://localhost:3000/
Completed in 98ms (DB: 3) | 302 Found [http://localhost/user/spin]


Processing UserController#index (for 127.0.0.1 at 2009-12-09 10:01:47) [GET]
  [4;36;1mUser Load (1.0ms)[0m   [0;1mSELECT * FROM "users" [0m
Rendering template within layouts/_user
Rendering user/index
Rendered layouts/_user (1.0ms)
Completed in 10ms (View: 5, DB: 1) | 200 OK [http://localhost/]


Processing UserController#new (for 127.0.0.1 at 2009-12-09 10:02:09) [GET]
Rendering template within layouts/_user
Rendering user/new
Rendered layouts/_user (0.9ms)
Completed in 7ms (View: 5, DB: 0) | 200 OK [http://localhost/user/new]


Processing UserController#list (for 127.0.0.1 at 2009-12-09 10:02:12) [GET]
  [4;35;1mUser Load (1.0ms)[0m   [0mSELECT * FROM "users" [0m
Rendering template within layouts/_user
Rendering user/list
Rendered layouts/_user (1.2ms)
Completed in 12ms (View: 7, DB: 1) | 200 OK [http://localhost/user/list]


Processing UserController#index (for 127.0.0.1 at 2009-12-09 10:02:14) [GET]
  [4;36;1mUser Load (1.0ms)[0m   [0;1mSELECT * FROM "users" [0m
Rendering template within layouts/_user
Rendering user/index
Rendered layouts/_user (1.0ms)
Completed in 10ms (View: 5, DB: 1) | 200 OK [http://localhost/]
